Determining if the pthread_create exist failed with the following output:
Change Dir: /home/casablanca/Desktop/RoBotanist/Prototype/Proto_WS/build/CMakeFiles/CMakeTmp

Run Build Command:"/usr/bin/make" "cmTC_f0f0e/fast"
/usr/bin/make -f CMakeFiles/cmTC_f0f0e.dir/build.make CMakeFiles/cmTC_f0f0e.dir/build
make[1]: Entering directory '/home/casablanca/Desktop/RoBotanist/Prototype/Proto_WS/build/CMakeFiles/CMakeTmp'
Building C object CMakeFiles/cmTC_f0f0e.dir/CheckSymbolExists.c.o
/usr/bin/cc    -o CMakeFiles/cmTC_f0f0e.dir/CheckSymbolExists.c.o   -c /home/casablanca/Desktop/RoBotanist/Prototype/Proto_WS/build/CMakeFiles/CMakeTmp/CheckSymbolExists.c
Linking C executable cmTC_f0f0e
/usr/bin/cmake -E cmake_link_script CMakeFiles/cmTC_f0f0e.dir/link.txt --verbose=1
/usr/bin/cc      -rdynamic CMakeFiles/cmTC_f0f0e.dir/CheckSymbolExists.c.o  -o cmTC_f0f0e 
CMakeFiles/cmTC_f0f0e.dir/CheckSymbolExists.c.o: In function `main':
CheckSymbolExists.c:(.text+0x14): undefined reference to `pthread_create'
CheckSymbolExists.c:(.text+0x18): undefined reference to `pthread_create'
collect2: error: ld returned 1 exit status
CMakeFiles/cmTC_f0f0e.dir/build.make:97: recipe for target 'cmTC_f0f0e' failed
make[1]: *** [cmTC_f0f0e] Error 1
make[1]: Leaving directory '/home/casablanca/Desktop/RoBotanist/Prototype/Proto_WS/build/CMakeFiles/CMakeTmp'
Makefile:126: recipe for target 'cmTC_f0f0e/fast' failed
make: *** [cmTC_f0f0e/fast] Error 2

File /home/casablanca/Desktop/RoBotanist/Prototype/Proto_WS/build/CMakeFiles/CMakeTmp/CheckSymbolExists.c:
/* */
#include <pthread.h>

int main(int argc, char** argv)
{
  (void)argv;
#ifndef pthread_create
  return ((int*)(&pthread_create))[argc];
#else
  (void)argc;
  return 0;
#endif
}

Determining if the function pthread_create exists in the pthreads failed with the following output:
Change Dir: /home/casablanca/Desktop/RoBotanist/Prototype/Proto_WS/build/CMakeFiles/CMakeTmp

Run Build Command:"/usr/bin/make" "cmTC_d774b/fast"
/usr/bin/make -f CMakeFiles/cmTC_d774b.dir/build.make CMakeFiles/cmTC_d774b.dir/build
make[1]: Entering directory '/home/casablanca/Desktop/RoBotanist/Prototype/Proto_WS/build/CMakeFiles/CMakeTmp'
Building C object CMakeFiles/cmTC_d774b.dir/CheckFunctionExists.c.o
/usr/bin/cc   -DCHECK_FUNCTION_EXISTS=pthread_create   -o CMakeFiles/cmTC_d774b.dir/CheckFunctionExists.c.o   -c /usr/share/cmake-3.10/Modules/CheckFunctionExists.c
Linking C executable cmTC_d774b
/usr/bin/cmake -E cmake_link_script CMakeFiles/cmTC_d774b.dir/link.txt --verbose=1
/usr/bin/cc  -DCHECK_FUNCTION_EXISTS=pthread_create    -rdynamic CMakeFiles/cmTC_d774b.dir/CheckFunctionExists.c.o  -o cmTC_d774b -lpthreads 
/usr/bin/ld: cannot find -lpthreads
collect2: error: ld returned 1 exit status
CMakeFiles/cmTC_d774b.dir/build.make:97: recipe for target 'cmTC_d774b' failed
make[1]: *** [cmTC_d774b] Error 1
make[1]: Leaving directory '/home/casablanca/Desktop/RoBotanist/Prototype/Proto_WS/build/CMakeFiles/CMakeTmp'
Makefile:126: recipe for target 'cmTC_d774b/fast' failed
make: *** [cmTC_d774b/fast] Error 2


